<?xml version="1.0" encoding="UTF-8"?>
<!-- Generated by org.testng.reporters.JUnitXMLReporter -->
<testsuite ignored="0" hostname="LAPTOP-5OTOV0TJ" failures="0" tests="4" name="Test" time="2.614" errors="0" timestamp="2022-12-27T20:27:09 IST">
  <testcase classname="com.postcreation.postexecute" name="Airline" time="2.566"/>
  <testcase classname="com.reportsgenerate.Testclass2" name="tc4" time="0.001"/>
  <testcase classname="com.reportsgenerate.Testclass2" name="tc5" time="0.001"/>
  <testcase classname="com.reportsgenerate.Testclass2" name="tc6" time="0.002"/>
</testsuite> <!-- Test -->
